Performing C SOURCE FILE Test CMAKE_HAVE_LIBC_PTHREAD failed with the following output:
Change Dir: /home/xiguang/Documents/town_ws/src/village_wang/cmake-build-debug/CMakeFiles/CMakeTmp

Run Build Command(s):/usr/bin/make -f Makefile cmTC_60e9b/fast && /usr/bin/make  -f CMakeFiles/cmTC_60e9b.dir/build.make CMakeFiles/cmTC_60e9b.dir/build
make[1]: Entering directory '/home/xiguang/Documents/town_ws/src/village_wang/cmake-build-debug/CMakeFiles/CMakeTmp'
Building C object CMakeFiles/cmTC_60e9b.dir/src.c.o
/usr/bin/cc -DCMAKE_HAVE_LIBC_PTHREAD   -o CMakeFiles/cmTC_60e9b.dir/src.c.o -c /home/xiguang/Documents/town_ws/src/village_wang/cmake-build-debug/CMakeFiles/CMakeTmp/src.c
Linking C executable cmTC_60e9b
/opt/clion-2021.2.3/bin/cmake/linux/bin/cmake -E cmake_link_script CMakeFiles/cmTC_60e9b.dir/link.txt --verbose=1
/usr/bin/cc CMakeFiles/cmTC_60e9b.dir/src.c.o -o cmTC_60e9b 
/usr/bin/ld: CMakeFiles/cmTC_60e9b.dir/src.c.o: in function `main':
src.c:(.text+0x46): undefined reference to `pthread_create'
/usr/bin/ld: src.c:(.text+0x52): undefined reference to `pthread_detach'
/usr/bin/ld: src.c:(.text+0x5e): undefined reference to `pthread_cancel'
/usr/bin/ld: src.c:(.text+0x6f): undefined reference to `pthread_join'
collect2: error: ld returned 1 exit status
make[1]: *** [CMakeFiles/cmTC_60e9b.dir/build.make:99: cmTC_60e9b] Error 1
make[1]: Leaving directory '/home/xiguang/Documents/town_ws/src/village_wang/cmake-build-debug/CMakeFiles/CMakeTmp'
make: *** [Makefile:127: cmTC_60e9b/fast] Error 2


Source file was:
#include <pthread.h>

static void* test_func(void* data)
{
  return data;
}

int main(void)
{
  pthread_t thread;
  pthread_create(&thread, NULL, test_func, NULL);
  pthread_detach(thread);
  pthread_cancel(thread);
  pthread_join(thread, NULL);
  pthread_atfork(NULL, NULL, NULL);
  pthread_exit(NULL);

  return 0;
}

Determining if the function pthread_create exists in the pthreads failed with the following output:
Change Dir: /home/xiguang/Documents/town_ws/src/village_wang/cmake-build-debug/CMakeFiles/CMakeTmp

Run Build Command(s):/usr/bin/make -f Makefile cmTC_16cfd/fast && /usr/bin/make  -f CMakeFiles/cmTC_16cfd.dir/build.make CMakeFiles/cmTC_16cfd.dir/build
make[1]: Entering directory '/home/xiguang/Documents/town_ws/src/village_wang/cmake-build-debug/CMakeFiles/CMakeTmp'
Building C object CMakeFiles/cmTC_16cfd.dir/CheckFunctionExists.c.o
/usr/bin/cc   -DCHECK_FUNCTION_EXISTS=pthread_create -o CMakeFiles/cmTC_16cfd.dir/CheckFunctionExists.c.o -c /opt/clion-2021.2.3/bin/cmake/linux/share/cmake-3.20/Modules/CheckFunctionExists.c
Linking C executable cmTC_16cfd
/opt/clion-2021.2.3/bin/cmake/linux/bin/cmake -E cmake_link_script CMakeFiles/cmTC_16cfd.dir/link.txt --verbose=1
/usr/bin/cc  -DCHECK_FUNCTION_EXISTS=pthread_create CMakeFiles/cmTC_16cfd.dir/CheckFunctionExists.c.o -o cmTC_16cfd  -lpthreads 
/usr/bin/ld: cannot find -lpthreads
collect2: error: ld returned 1 exit status
make[1]: *** [CMakeFiles/cmTC_16cfd.dir/build.make:99: cmTC_16cfd] Error 1
make[1]: Leaving directory '/home/xiguang/Documents/town_ws/src/village_wang/cmake-build-debug/CMakeFiles/CMakeTmp'
make: *** [Makefile:127: cmTC_16cfd/fast] Error 2



